0 info it worked if it ends with ok
1 verbose cli [ '/usr/bin/nodejs', '/usr/bin/npm', 'install' ]
2 info using npm@1.3.10
3 info using node@v0.10.25
4 verbose readDependencies using package.json deps
5 verbose install where, deps [ '/home/comp8-5/Desktop/Network_Police', [ 'electron' ] ]
6 info preinstall electron-quick-start@1.0.0
7 verbose readDependencies using package.json deps
8 verbose cache add [ 'electron@^1.4.1', null ]
9 verbose cache add name=undefined spec="electron@^1.4.1" args=["electron@^1.4.1",null]
10 verbose parsed url { protocol: null,
10 verbose parsed url   slashes: null,
10 verbose parsed url   auth: null,
10 verbose parsed url   host: null,
10 verbose parsed url   port: null,
10 verbose parsed url   hostname: null,
10 verbose parsed url   hash: null,
10 verbose parsed url   search: null,
10 verbose parsed url   query: null,
10 verbose parsed url   pathname: 'electron@^1.4.1',
10 verbose parsed url   path: 'electron@^1.4.1',
10 verbose parsed url   href: 'electron@^1.4.1' }
11 verbose cache add name="electron" spec="^1.4.1" args=["electron","^1.4.1"]
12 verbose parsed url { protocol: null,
12 verbose parsed url   slashes: null,
12 verbose parsed url   auth: null,
12 verbose parsed url   host: null,
12 verbose parsed url   port: null,
12 verbose parsed url   hostname: null,
12 verbose parsed url   hash: null,
12 verbose parsed url   search: null,
12 verbose parsed url   query: null,
12 verbose parsed url   pathname: '^1.4.1',
12 verbose parsed url   path: '^1.4.1',
12 verbose parsed url   href: '^1.4.1' }
13 verbose addNamed [ 'electron', '^1.4.1' ]
14 verbose addNamed [ null, '>=1.4.1-0 <2.0.0-0' ]
15 silly lockFile f513c275-electron-1-4-1 electron@^1.4.1
16 verbose lock electron@^1.4.1 /home/comp8-5/.npm/f513c275-electron-1-4-1.lock
17 silly addNameRange { name: 'electron', range: '>=1.4.1-0 <2.0.0-0', hasData: false }
18 verbose url raw electron
19 verbose url resolving [ 'https://registry.npmjs.org/', './electron' ]
20 verbose url resolved https://registry.npmjs.org/electron
21 info trying registry request attempt 1 at 12:26:13
22 http GET https://registry.npmjs.org/electron
23 info retry will retry, error on last attempt: Error: tunneling socket could not be established, cause=3067938560:error:140770FC:SSL routines:SSL23_GET_SERVER_HELLO:unknown protocol:s23_clnt.c:795:
24 info trying registry request attempt 2 at 12:26:23
25 http GET https://registry.npmjs.org/electron
26 info retry will retry, error on last attempt: Error: tunneling socket could not be established, cause=3067938560:error:140770FC:SSL routines:SSL23_GET_SERVER_HELLO:unknown protocol:s23_clnt.c:795:
27 info trying registry request attempt 3 at 12:27:23
28 http GET https://registry.npmjs.org/electron
29 silly lockFile f513c275-electron-1-4-1 electron@^1.4.1
30 silly lockFile f513c275-electron-1-4-1 electron@^1.4.1
31 error network tunneling socket could not be established, cause=3067938560:error:140770FC:SSL routines:SSL23_GET_SERVER_HELLO:unknown protocol:s23_clnt.c:795:
31 error network
31 error network This is most likely not a problem with npm itself
31 error network and is related to network connectivity.
31 error network In most cases you are behind a proxy or have bad network settings.
31 error network
31 error network If you are behind a proxy, please make sure that the
31 error network 'proxy' config is set properly.  See: 'npm help config'
32 error System Linux 3.16.0-30-generic
33 error command "/usr/bin/nodejs" "/usr/bin/npm" "install"
34 error cwd /home/comp8-5/Desktop/Network_Police
35 error node -v v0.10.25
36 error npm -v 1.3.10
37 error code ECONNRESET
38 verbose exit [ 1, true ]
